[debug] [2023-08-04T20:09:18.076Z] ----------------------------------------------------------------------
[debug] [2023-08-04T20:09:18.078Z] Command:       C:\Program Files\nodejs\node.exe C:\Users\Abijith R\AppData\Roaming\npm\node_modules\firebase-tools\lib\bin\firebase.js init
[debug] [2023-08-04T20:09:18.079Z] CLI Version:   12.4.7
[debug] [2023-08-04T20:09:18.079Z] Platform:      win32
[debug] [2023-08-04T20:09:18.079Z] Node Version:  v16.15.1
[debug] [2023-08-04T20:09:18.084Z] Time:          Sat Aug 05 2023 01:39:18 GMT+0530 (India Standard Time)
[debug] [2023-08-04T20:09:18.084Z] ----------------------------------------------------------------------
[debug] 
[debug] [2023-08-04T20:09:18.092Z] > command requires scopes: ["email","openid","https://www.googleapis.com/auth/cloudplatformprojects.readonly","https://www.googleapis.com/auth/firebase","https://www.googleapis.com/auth/cloud-platform"]
[debug] [2023-08-04T20:09:18.092Z] > authorizing via signed-in user (abijithrquora@gmail.com)
[info] 
     ######## #### ########  ######## ########     ###     ######  ########
     ##        ##  ##     ## ##       ##     ##  ##   ##  ##       ##
     ######    ##  ########  ######   ########  #########  ######  ######
     ##        ##  ##    ##  ##       ##     ## ##     ##       ## ##
     ##       #### ##     ## ######## ########  ##     ##  ######  ########

You're about to initialize a Firebase project in this directory:

  C:\Users\Abijith R\Desktop\CRUD\frontend

[info] 
=== Project Setup
[info] 
[info] First, let's associate this project directory with a Firebase project.
[info] You can create multiple project aliases by running firebase use --add, 
[info] but for now we'll just set up a default project.
[info] 
[debug] [2023-08-04T20:09:30.574Z] > refreshing access token with scopes: []
[debug] [2023-08-04T20:09:30.576Z] >>> [apiv2][query] POST https://www.googleapis.com/oauth2/v3/token [none]
[debug] [2023-08-04T20:09:30.576Z] >>> [apiv2][body] POST https://www.googleapis.com/oauth2/v3/token [omitted]
[debug] [2023-08-04T20:09:30.813Z] <<< [apiv2][status] POST https://www.googleapis.com/oauth2/v3/token 200
[debug] [2023-08-04T20:09:30.813Z] <<< [apiv2][body] POST https://www.googleapis.com/oauth2/v3/token [omitted]
[debug] [2023-08-04T20:09:30.822Z] >>> [apiv2][query] GET https://firebase.googleapis.com/v1beta1/projects pageSize=100
[debug] [2023-08-04T20:09:31.914Z] <<< [apiv2][status] GET https://firebase.googleapis.com/v1beta1/projects 200
[debug] [2023-08-04T20:09:31.914Z] <<< [apiv2][body] GET https://firebase.googleapis.com/v1beta1/projects [omitted]
